{"numFailedTestSuites":0,"numFailedTests":0,"numPassedTestSuites":6,"numPassedTests":45,"numPendingTestSuites":0,"numPendingTests":0,"numRuntimeErrorTestSuites":0,"numTodoTests":0,"numTotalTestSuites":6,"numTotalTests":45,"openHandles":[],"snapshot":{"added":0,"didUpdate":false,"failure":false,"filesAdded":0,"filesRemoved":0,"filesRemovedList":[],"filesUnmatched":0,"filesUpdated":0,"matched":0,"total":0,"unchecked":0,"uncheckedKeysByFile":[],"unmatched":0,"updated":0},"startTime":1734591093226,"success":true,"testResults":[{"assertionResults":[{"ancestorTitles":["BookService"],"failureMessages":[],"fullName":"BookService BS1- Checking whether called the  right url for bookAppointment","location":null,"status":"passed","title":"BS1- Checking whether called the  right url for bookAppointment"},{"ancestorTitles":["BookService"],"failureMessages":[],"fullName":"BookService BS2- bookAppointment() should be called using post method","location":null,"status":"passed","title":"BS2- bookAppointment() should be called using post method"},{"ancestorTitles":["BookService"],"failureMessages":[],"fullName":"BookService BS3- getServices() should be called using get method","location":null,"status":"passed","title":"BS3- getServices() should be called using get method"}],"endTime":1734591121577,"message":"","name":"C:\\Users\\prakashsingh.r\\Desktop\\dummy\\To_Trainees\\Frontend\\src\\test\\book.service.spec.ts","startTime":1734591111210,"status":"passed","summary":""},{"assertionResults":[{"ancestorTitles":["BookAppointmentComponent"],"failureMessages":[],"fullName":"BookAppointmentComponent BAC1- Should have proper name of service","location":null,"status":"passed","title":"BAC1- Should have proper name of service"},{"ancestorTitles":["BookAppointmentComponent"],"failureMessages":[],"fullName":"BookAppointmentComponent BAC2- Should render proper message","location":null,"status":"passed","title":"BAC2- Should render proper message"},{"ancestorTitles":["BookAppointmentComponent"],"failureMessages":[],"fullName":"BookAppointmentComponent BAC4- to route the page to the correct direction","location":null,"status":"passed","title":"BAC4- to route the page to the correct direction"},{"ancestorTitles":["BookAppointmentComponent"],"failureMessages":[],"fullName":"BookAppointmentComponent BAC5- Should print the availability","location":null,"status":"passed","title":"BAC5- Should print the availability"},{"ancestorTitles":["BookAppointmentComponent"],"failureMessages":[],"fullName":"BookAppointmentComponent BAC6- phoneNo field should have pattern error for phoneNo less than 10 digits","location":null,"status":"passed","title":"BAC6- phoneNo field should have pattern error for phoneNo less than 10 digits"},{"ancestorTitles":["BookAppointmentComponent"],"failureMessages":[],"fullName":"BookAppointmentComponent BAC7- name field should have required error for empty value","location":null,"status":"passed","title":"BAC7- name field should have required error for empty value"},{"ancestorTitles":["BookAppointmentComponent"],"failureMessages":[],"fullName":"BookAppointmentComponent BAC7a- customername should not have both required and customername Error","location":null,"status":"passed","title":"BAC7a- customername should not have both required and customername Error"},{"ancestorTitles":["BookAppointmentComponent"],"failureMessages":[],"fullName":"BookAppointmentComponent BAC8- name field should have pattern error for name less than 4 characters","location":null,"status":"passed","title":"BAC8- name field should have pattern error for name less than 4 characters"},{"ancestorTitles":["BookAppointmentComponent"],"failureMessages":[],"fullName":"BookAppointmentComponent BAC9- name field should have pattern error for name more than 10 characters","location":null,"status":"passed","title":"BAC9- name field should have pattern error for name more than 10 characters"},{"ancestorTitles":["BookAppointmentComponent"],"failureMessages":[],"fullName":"BookAppointmentComponent BAC10- name error message should be displayed in appropriate tag for invalid input","location":null,"status":"passed","title":"BAC10- name error message should be displayed in appropriate tag for invalid input"},{"ancestorTitles":["BookAppointmentComponent"],"failureMessages":[],"fullName":"BookAppointmentComponent BAC11- Address field should have required error for empty value","location":null,"status":"passed","title":"BAC11- Address field should have required error for empty value"},{"ancestorTitles":["BookAppointmentComponent"],"failureMessages":[],"fullName":"BookAppointmentComponent BAC12- Address error message should be displayed in appropriate tag for invalid input","location":null,"status":"passed","title":"BAC12- Address error message should be displayed in appropriate tag for invalid input"},{"ancestorTitles":["BookAppointmentComponent"],"failureMessages":[],"fullName":"BookAppointmentComponent BAC13- Phone No. field should have required error for empty value","location":null,"status":"passed","title":"BAC13- Phone No. field should have required error for empty value"},{"ancestorTitles":["BookAppointmentComponent"],"failureMessages":[],"fullName":"BookAppointmentComponent BAC13a- Phone number field should not have both required and phone number Error","location":null,"status":"passed","title":"BAC13a- Phone number field should not have both required and phone number Error"},{"ancestorTitles":["BookAppointmentComponent"],"failureMessages":[],"fullName":"BookAppointmentComponent BAC14- phoneNo field should have pattern error for phoneNo less than 10 digits","location":null,"status":"passed","title":"BAC14- phoneNo field should have pattern error for phoneNo less than 10 digits"},{"ancestorTitles":["BookAppointmentComponent"],"failureMessages":[],"fullName":"BookAppointmentComponent BAC15- phoneNo error message should be displayed in appropriate tag for invalid input","location":null,"status":"passed","title":"BAC15- phoneNo error message should be displayed in appropriate tag for invalid input"},{"ancestorTitles":["BookAppointmentComponent"],"failureMessages":[],"fullName":"BookAppointmentComponent BAC16- Book Button should be disabled initially","location":null,"status":"passed","title":"BAC16- Book Button should be disabled initially"},{"ancestorTitles":["BookAppointmentComponent"],"failureMessages":[],"fullName":"BookAppointmentComponent BAC17- Book Appointment event button should be enabled when all fields have valid input","location":null,"status":"passed","title":"BAC17- Book Appointment event button should be enabled when all fields have valid input"},{"ancestorTitles":["BookAppointmentComponent"],"failureMessages":[],"fullName":"BookAppointmentComponent BAC18- Should invoke book method on click of book button","location":null,"status":"passed","title":"BAC18- Should invoke book method on click of book button"},{"ancestorTitles":["BookAppointmentComponent"],"failureMessages":[],"fullName":"BookAppointmentComponent BAC19- Should invoke book method on click of bookAppointment button","location":null,"status":"passed","title":"BAC19- Should invoke book method on click of bookAppointment button"},{"ancestorTitles":["BookAppointmentComponent"],"failureMessages":[],"fullName":"BookAppointmentComponent BAC20- Error Message should be displayed in appropriate Tag","location":null,"status":"passed","title":"BAC20- Error Message should be displayed in appropriate Tag"},{"ancestorTitles":["BookAppointmentComponent"],"failureMessages":[],"fullName":"BookAppointmentComponent BAC21- Success Message should be displayed in appropriate Tag","location":null,"status":"passed","title":"BAC21- Success Message should be displayed in appropriate Tag"},{"ancestorTitles":["BookAppointmentComponent"],"failureMessages":[],"fullName":"BookAppointmentComponent BAC22- customerName error message tag should have alert danger class","location":null,"status":"passed","title":"BAC22- customerName error message tag should have alert danger class"},{"ancestorTitles":["BookAppointmentComponent"],"failureMessages":[],"fullName":"BookAppointmentComponent BAC23- Address error message tag should have alert danger class","location":null,"status":"passed","title":"BAC23- Address error message tag should have alert danger class"},{"ancestorTitles":["BookAppointmentComponent"],"failureMessages":[],"fullName":"BookAppointmentComponent BAC24- phone no error message tag should have alert danger class","location":null,"status":"passed","title":"BAC24- phone no error message tag should have alert danger class"},{"ancestorTitles":["BookAppointmentComponent"],"failureMessages":[],"fullName":"BookAppointmentComponent BAC25- component error message tag should have text danger class","location":null,"status":"passed","title":"BAC25- component error message tag should have text danger class"},{"ancestorTitles":["BookAppointmentComponent"],"failureMessages":[],"fullName":"BookAppointmentComponent BAC26- successMessage tag should have text success class","location":null,"status":"passed","title":"BAC26- successMessage tag should have text success class"}],"endTime":1734591121988,"message":"","name":"C:\\Users\\prakashsingh.r\\Desktop\\dummy\\To_Trainees\\Frontend\\src\\test\\book-appointment.component.spec.ts","startTime":1734591110445,"status":"passed","summary":""},{"assertionResults":[{"ancestorTitles":["ServicesComponent"],"failureMessages":[],"fullName":"ServicesComponent SC1- all the Services are rendered in the cards","location":null,"status":"passed","title":"SC1- all the Services are rendered in the cards"},{"ancestorTitles":["ServicesComponent"],"failureMessages":[],"fullName":"ServicesComponent SC2- Should have proper name with title casing","location":null,"status":"passed","title":"SC2- Should have proper name with title casing"},{"ancestorTitles":["ServicesComponent"],"failureMessages":[],"fullName":"ServicesComponent SC3- Should have proper name with title casing","location":null,"status":"passed","title":"SC3- Should have proper name with title casing"},{"ancestorTitles":["ServicesComponent"],"failureMessages":[],"fullName":"ServicesComponent SC4- checking the charges","location":null,"status":"passed","title":"SC4- checking the charges"},{"ancestorTitles":["ServicesComponent"],"failureMessages":[],"fullName":"ServicesComponent SC5- checking the rating","location":null,"status":"passed","title":"SC5- checking the rating"},{"ancestorTitles":["ServicesComponent"],"failureMessages":[],"fullName":"ServicesComponent SC6- should have proper .. and alt attributes in img tag","location":null,"status":"passed","title":"SC6- should have proper .. and alt attributes in img tag"},{"ancestorTitles":["ServicesComponent"],"failureMessages":[],"fullName":"ServicesComponent SC7- should display charges with proper currency code at proper place","location":null,"status":"passed","title":"SC7- should display charges with proper currency code at proper place"},{"ancestorTitles":["ServicesComponent"],"failureMessages":[],"fullName":"ServicesComponent SC8- Error Message should be displayed in appropriate Tag","location":null,"status":"passed","title":"SC8- Error Message should be displayed in appropriate Tag"},{"ancestorTitles":["ServicesComponent"],"failureMessages":[],"fullName":"ServicesComponent SC9- component error message tag should have text danger class","location":null,"status":"passed","title":"SC9- component error message tag should have text danger class"}],"endTime":1734591122257,"message":"","name":"C:\\Users\\prakashsingh.r\\Desktop\\dummy\\To_Trainees\\Frontend\\src\\test\\services.component.spec.ts","startTime":1734591111043,"status":"passed","summary":""},{"assertionResults":[{"ancestorTitles":["AppRoutingModule"],"failureMessages":[],"fullName":"AppRoutingModule AR1- Check whether the Catchall is provided","location":null,"status":"passed","title":"AR1- Check whether the Catchall is provided"},{"ancestorTitles":["AppRoutingModule"],"failureMessages":[],"fullName":"AppRoutingModule AR2- Check if routes are present","location":null,"status":"passed","title":"AR2- Check if routes are present"}],"endTime":1734591123511,"message":"","name":"C:\\Users\\prakashsingh.r\\Desktop\\dummy\\To_Trainees\\Frontend\\src\\test\\app.routing.spec.ts","startTime":1734591121749,"status":"passed","summary":""},{"assertionResults":[{"ancestorTitles":["Testing AppComponent"],"failureMessages":[],"fullName":"Testing AppComponent AC1- Checking presence of routerOutletTag","location":null,"status":"passed","title":"AC1- Checking presence of routerOutletTag"},{"ancestorTitles":["Testing AppComponent"],"failureMessages":[],"fullName":"Testing AppComponent AC2- routerOutletTag should be there","location":null,"status":"passed","title":"AC2- routerOutletTag should be there"},{"ancestorTitles":["Testing AppComponent"],"failureMessages":[],"fullName":"Testing AppComponent AC3- Cheking for proper positioning of routerOutlet","location":null,"status":"passed","title":"AC3- Cheking for proper positioning of routerOutlet"}],"endTime":1734591123891,"message":"","name":"C:\\Users\\prakashsingh.r\\Desktop\\dummy\\To_Trainees\\Frontend\\src\\test\\app.component.spec.ts","startTime":1734591122104,"status":"passed","summary":""},{"assertionResults":[{"ancestorTitles":["GreatServicesService"],"failureMessages":[],"fullName":"GreatServicesService GSS1- getServices() should be called using get method","location":null,"status":"passed","title":"GSS1- getServices() should be called using get method"}],"endTime":1734591123971,"message":"","name":"C:\\Users\\prakashsingh.r\\Desktop\\dummy\\To_Trainees\\Frontend\\src\\test\\great-services.service.spec.ts","startTime":1734591122328,"status":"passed","summary":""}],"wasInterrupted":false}